<?xml version="1.0" encoding="UTF-8"?>
<!-- Generated by org.testng.reporters.JUnitReportReporter -->
<testsuite skipped="0" hostname="PUNEETA3147925" name="com.metcash.IndieDirect.TestCases.Testcases_LoginPage" tests="2" failures="0" timestamp="19 Apr 2018 11:46:53 GMT" time="12.163" errors="0">
  <testcase name="TC01" time="6.662" classname="com.metcash.IndieDirect.TestCases.Testcases_LoginPage"/>
  <testcase name="TC2" time="5.501" classname="com.metcash.IndieDirect.TestCases.Testcases_LoginPage"/>
</testsuite> <!-- com.metcash.IndieDirect.TestCases.Testcases_LoginPage -->
